0 info it worked if it ends with ok
1 verbose cli [ '/Users/michaelsharpe/.nvm/versions/node/v5.2.0/bin/node',
1 verbose cli   '/Users/michaelsharpe/.nvm/versions/node/v5.2.0/bin/npm',
1 verbose cli   'install',
1 verbose cli   '--save-dev',
1 verbose cli   'react-text-webpack-plugin' ]
2 info using npm@3.3.12
3 info using node@v5.2.0
4 silly loadCurrentTree Starting
5 silly install loadCurrentTree
6 silly install readLocalPackageData
7 silly fetchPackageMetaData react-text-webpack-plugin
8 silly fetchNamedPackageData react-text-webpack-plugin
9 silly mapToRegistry name react-text-webpack-plugin
10 silly mapToRegistry using default registry
11 silly mapToRegistry registry https://registry.npmjs.org/
12 silly mapToRegistry uri https://registry.npmjs.org/react-text-webpack-plugin
13 verbose request uri https://registry.npmjs.org/react-text-webpack-plugin
14 verbose request no auth needed
15 info attempt registry request try #1 at 9:19:40 AM
16 verbose request id 25c9bb6f0c989240
17 http request GET https://registry.npmjs.org/react-text-webpack-plugin
18 http 404 https://registry.npmjs.org/react-text-webpack-plugin
19 verbose headers { 'content-type': 'application/json',
19 verbose headers   'cache-control': 'max-age=0',
19 verbose headers   'content-length': '2',
19 verbose headers   'accept-ranges': 'bytes',
19 verbose headers   date: 'Sat, 18 Jun 2016 13:19:40 GMT',
19 verbose headers   via: '1.1 varnish',
19 verbose headers   age: '0',
19 verbose headers   connection: 'keep-alive',
19 verbose headers   'x-served-by': 'cache-iad2148-IAD',
19 verbose headers   'x-cache': 'MISS',
19 verbose headers   'x-cache-hits': '0',
19 verbose headers   'x-timer': 'S1466255980.517039,VS0,VE79',
19 verbose headers   vary: 'Accept-Encoding' }
20 silly get cb [ 404,
20 silly get   { 'content-type': 'application/json',
20 silly get     'cache-control': 'max-age=0',
20 silly get     'content-length': '2',
20 silly get     'accept-ranges': 'bytes',
20 silly get     date: 'Sat, 18 Jun 2016 13:19:40 GMT',
20 silly get     via: '1.1 varnish',
20 silly get     age: '0',
20 silly get     connection: 'keep-alive',
20 silly get     'x-served-by': 'cache-iad2148-IAD',
20 silly get     'x-cache': 'MISS',
20 silly get     'x-cache-hits': '0',
20 silly get     'x-timer': 'S1466255980.517039,VS0,VE79',
20 silly get     vary: 'Accept-Encoding' } ]
21 silly fetchPackageMetaData Error: Registry returned 404 for GET on https://registry.npmjs.org/react-text-webpack-plugin
21 silly fetchPackageMetaData     at makeError (/Users/michaelsharpe/.nvm/versions/node/v5.2.0/lib/node_modules/npm/node_modules/npm-registry-client/lib/request.js:264:12)
21 silly fetchPackageMetaData     at CachingRegistryClient.<anonymous> (/Users/michaelsharpe/.nvm/versions/node/v5.2.0/lib/node_modules/npm/node_modules/npm-registry-client/lib/request.js:242:14)
21 silly fetchPackageMetaData     at Request._callback (/Users/michaelsharpe/.nvm/versions/node/v5.2.0/lib/node_modules/npm/node_modules/npm-registry-client/lib/request.js:172:14)
21 silly fetchPackageMetaData     at Request.self.callback (/Users/michaelsharpe/.nvm/versions/node/v5.2.0/lib/node_modules/npm/node_modules/request/request.js:198:22)
21 silly fetchPackageMetaData     at emitTwo (events.js:88:13)
21 silly fetchPackageMetaData     at Request.emit (events.js:173:7)
21 silly fetchPackageMetaData     at Request.<anonymous> (/Users/michaelsharpe/.nvm/versions/node/v5.2.0/lib/node_modules/npm/node_modules/request/request.js:1082:10)
21 silly fetchPackageMetaData     at emitOne (events.js:83:20)
21 silly fetchPackageMetaData     at Request.emit (events.js:170:7)
21 silly fetchPackageMetaData     at IncomingMessage.<anonymous> (/Users/michaelsharpe/.nvm/versions/node/v5.2.0/lib/node_modules/npm/node_modules/request/request.js:1009:12)
21 silly fetchPackageMetaData  error for react-text-webpack-plugin { [Error: Registry returned 404 for GET on https://registry.npmjs.org/react-text-webpack-plugin]
21 silly fetchPackageMetaData   pkgid: 'react-text-webpack-plugin',
21 silly fetchPackageMetaData   statusCode: 404,
21 silly fetchPackageMetaData   code: 'E404' }
22 silly rollbackFailedOptional Starting
23 silly rollbackFailedOptional Finishing
24 silly runTopLevelLifecycles Starting
25 silly runTopLevelLifecycles Finishing
26 silly install printInstalled
27 verbose stack Error: Registry returned 404 for GET on https://registry.npmjs.org/react-text-webpack-plugin
27 verbose stack     at makeError (/Users/michaelsharpe/.nvm/versions/node/v5.2.0/lib/node_modules/npm/node_modules/npm-registry-client/lib/request.js:264:12)
27 verbose stack     at CachingRegistryClient.<anonymous> (/Users/michaelsharpe/.nvm/versions/node/v5.2.0/lib/node_modules/npm/node_modules/npm-registry-client/lib/request.js:242:14)
27 verbose stack     at Request._callback (/Users/michaelsharpe/.nvm/versions/node/v5.2.0/lib/node_modules/npm/node_modules/npm-registry-client/lib/request.js:172:14)
27 verbose stack     at Request.self.callback (/Users/michaelsharpe/.nvm/versions/node/v5.2.0/lib/node_modules/npm/node_modules/request/request.js:198:22)
27 verbose stack     at emitTwo (events.js:88:13)
27 verbose stack     at Request.emit (events.js:173:7)
27 verbose stack     at Request.<anonymous> (/Users/michaelsharpe/.nvm/versions/node/v5.2.0/lib/node_modules/npm/node_modules/request/request.js:1082:10)
27 verbose stack     at emitOne (events.js:83:20)
27 verbose stack     at Request.emit (events.js:170:7)
27 verbose stack     at IncomingMessage.<anonymous> (/Users/michaelsharpe/.nvm/versions/node/v5.2.0/lib/node_modules/npm/node_modules/request/request.js:1009:12)
28 verbose statusCode 404
29 verbose pkgid react-text-webpack-plugin
30 verbose cwd /Users/michaelsharpe/workspace/project89/gematrix
31 error Darwin 14.5.0
32 error argv "/Users/michaelsharpe/.nvm/versions/node/v5.2.0/bin/node" "/Users/michaelsharpe/.nvm/versions/node/v5.2.0/bin/npm" "install" "--save-dev" "react-text-webpack-plugin"
33 error node v5.2.0
34 error npm  v3.3.12
35 error code E404
36 error 404 Registry returned 404 for GET on https://registry.npmjs.org/react-text-webpack-plugin
36 error 404
36 error 404 'react-text-webpack-plugin' is not in the npm registry.
36 error 404 You should bug the author to publish it (or use the name yourself!)
36 error 404
36 error 404 Note that you can also install from a
36 error 404 tarball, folder, http url, or git url.
37 verbose exit [ 1, true ]
